[2018-04-19 03:38:17] START
[2018-04-19 03:38:49] EDIT SystemShop/models/menu.py: 0
[2018-04-19 03:39:18] EDIT SystemShop/models/menu.py: -88
[2018-04-19 03:40:37] EDIT SystemShop/models/menu.py: 17
[2018-04-19 03:41:50] EDIT SystemShop/models/menu.py: 0
[2018-04-19 03:42:02] EDIT SystemShop/models/menu.py: 0
[2018-04-19 03:43:43] EDIT SystemShop/models/menu.py: 0
[2018-04-19 03:44:03] EDIT SystemShop/models/menu.py: 0
[2018-04-19 03:44:08] EDIT SystemShop/models/menu.py: -1
[2018-04-19 03:44:40] EDIT SystemShop/views/default/index.html: -37
[2018-04-19 03:44:59] EDIT SystemShop/views/default/index.html: 0
[2018-04-19 03:49:26] EDIT SystemShop/views/default/index.html: -37
[2018-04-19 03:49:50] EDIT SystemShop/views/default/index.html: 0
[2018-04-19 03:51:04] EDIT SystemShop/views/default/index.html: 0
[2018-04-19 03:51:11] EDIT SystemShop/views/default/index.html: 0
[2018-04-19 03:51:19] EDIT SystemShop/views/default/index.html: 0
[2018-04-19 03:52:10] EDIT SystemShop/views/default/index.html: 41
[2018-04-19 03:54:14] EDIT SystemShop/views/default/index.html: -35
[2018-04-19 03:55:20] EDIT SystemShop/views/default/index.html: -4
[2018-04-19 03:56:06] UPLOAD C:/Users/ro/Documents/Mica/web2py_win/web2py/applications/SystemShop/static/images/web.jpg: 232
[2018-04-19 03:56:52] EDIT SystemShop/views/default/index.html: 0
[2018-04-19 03:57:12] EDIT SystemShop/views/default/index.html: 0
[2018-04-24 18:13:02] EDIT SystemShop/models/menu.py: 0
[2018-04-24 18:14:59] EDIT SystemShop/models/menu.py: 0
[2018-04-24 18:16:26] EDIT SystemShop/models/menu.py: -3
[2018-05-08 01:22:20] EDIT SystemShop/models/db.py: 7
[2018-05-08 01:31:48] EDIT SystemShop/models/db.py: 11
[2018-05-08 01:36:53] EDIT SystemShop/models/db.py: 11
[2018-05-15 19:03:36] EDIT SystemShop/models/db.py: 0
[2018-05-15 19:28:51] CREATE ventas.py: 0
